[ 2023-09-22 21:24:01,031 ] 21 root - INFO - Data Ingestion is initiated
[ 2023-09-22 21:24:01,107 ] 23 root - INFO - Data loaded as a dataframe
[ 2023-09-22 21:24:01,391 ] 28 root - INFO - Raw data file is saved
[ 2023-09-22 21:24:01,399 ] 31 root - INFO - Data splited into train and test part
[ 2023-09-22 21:24:01,607 ] 34 root - INFO - Train data is saved into CSV file
[ 2023-09-22 21:24:01,676 ] 37 root - INFO - Test data is saved into CSV file
[ 2023-09-22 21:24:01,677 ] 39 root - INFO - Data Ingestion is completed.
[ 2023-09-22 21:24:01,677 ] 55 root - INFO - Data transformation is initiated
[ 2023-09-22 21:24:01,752 ] 60 root - INFO - Train and test data is read as Dataframe
[ 2023-09-22 21:24:01,755 ] 27 root - INFO - Data transformation Objecy is initiated
[ 2023-09-22 21:24:01,755 ] 41 root - INFO - Pipeline is created
[ 2023-09-22 21:24:01,756 ] 46 root - INFO - preprocessor object is created
[ 2023-09-22 21:24:01,856 ] 78 root - INFO - Data transformation is completed
[ 2023-09-22 21:24:01,857 ] 10 root - INFO - Saving Object is initiated
[ 2023-09-22 21:24:01,857 ] 18 root - INFO - Object is saved
[ 2023-09-22 21:24:01,858 ] 85 root - INFO - Pickle file is saved
[ 2023-09-22 21:24:01,858 ] 26 root - INFO - Spliting the data into train and test
[ 2023-09-22 21:24:01,858 ] 40 root - INFO - Checking for model report
[ 2023-09-22 21:24:03,290 ] 44 root - INFO - Model accuracy report obtained
[ 2023-09-22 21:24:03,291 ] 45 root - INFO - {'LogisticRegression': 0.8074666666666667}
[ 2023-09-22 21:24:03,300 ] 57 root - INFO - Best model found: LogisticRegression, Best model accuracy:0.8074666666666667
[ 2023-09-22 21:24:03,301 ] 10 root - INFO - Saving Object is initiated
[ 2023-09-22 21:24:03,302 ] 18 root - INFO - Object is saved
[ 2023-09-22 21:24:03,302 ] 66 root - INFO - Best Model obj is saved
