[ 2023-09-23 16:33:15,264 ] 21 root - INFO - Data Ingestion is initiated
[ 2023-09-23 16:33:15,339 ] 23 root - INFO - Data loaded as a dataframe
[ 2023-09-23 16:33:15,637 ] 28 root - INFO - Raw data file is saved
[ 2023-09-23 16:33:15,646 ] 31 root - INFO - Data splited into train and test part
[ 2023-09-23 16:33:15,869 ] 34 root - INFO - Train data is saved into CSV file
[ 2023-09-23 16:33:15,961 ] 37 root - INFO - Test data is saved into CSV file
[ 2023-09-23 16:33:15,961 ] 39 root - INFO - Data Ingestion is completed.
[ 2023-09-23 16:33:15,962 ] 55 root - INFO - Data transformation is initiated
[ 2023-09-23 16:33:16,037 ] 60 root - INFO - Train and test data is read as Dataframe
[ 2023-09-23 16:33:16,040 ] 27 root - INFO - Data transformation Objecy is initiated
[ 2023-09-23 16:33:16,040 ] 41 root - INFO - Pipeline is created
[ 2023-09-23 16:33:16,040 ] 46 root - INFO - preprocessor object is created
[ 2023-09-23 16:33:16,143 ] 78 root - INFO - Data transformation is completed
[ 2023-09-23 16:33:16,143 ] 10 root - INFO - Saving Object is initiated
[ 2023-09-23 16:33:16,144 ] 18 root - INFO - Object is saved
[ 2023-09-23 16:33:16,144 ] 85 root - INFO - Pickle file is saved
[ 2023-09-23 16:33:16,144 ] 26 root - INFO - Spliting the data into train and test
[ 2023-09-23 16:33:16,144 ] 40 root - INFO - Checking for model report
[ 2023-09-23 16:34:29,348 ] 44 root - INFO - Model accuracy report obtained
[ 2023-09-23 16:34:29,349 ] 45 root - INFO - {'LogisticRegression': 0.8074666666666667, 'DecisionTree': 0.7237333333333333, 'SVM': 0.8181333333333334, 'NaiveBayes': 0.7456, 'KNN': 0.7937333333333333, 'RandomForest': 0.8157333333333333}
[ 2023-09-23 16:34:29,349 ] 57 root - INFO - Best model found: SVM, Best model accuracy:0.8181333333333334
[ 2023-09-23 16:34:29,349 ] 10 root - INFO - Saving Object is initiated
[ 2023-09-23 16:34:29,355 ] 18 root - INFO - Object is saved
[ 2023-09-23 16:34:29,356 ] 66 root - INFO - Best Model obj is saved
